<?xml version="1.0" encoding="UTF-8"?>
<robot generator="Robot 5.0 (Python 3.10.2 on win32)" generated="20220407 23:05:45.975" rpa="false" schemaversion="3">
<suite id="s1" name="App" source="C:\Users\ELCOT\PycharmProjects\Assessment Robot Framework\Tests\Amazon\FunctionalTestSuite\App.robot">
<kw name="Log" library="BuiltIn" type="SETUP">
<arg>Inside Test Suite Setup</arg>
<doc>Logs the given message with the given level.</doc>
<msg timestamp="20220407 23:05:47.114" level="INFO">Inside Test Suite Setup</msg>
<status status="PASS" starttime="20220407 23:05:47.112" endtime="20220407 23:05:47.114"/>
</kw>
<test id="s1-t1" name="Goggle Test" line="15">
<kw name="Log" library="BuiltIn" type="SETUP">
<arg>Inside Test Case Setup</arg>
<doc>Logs the given message with the given level.</doc>
<msg timestamp="20220407 23:05:47.145" level="INFO">Inside Test Case Setup</msg>
<status status="PASS" starttime="20220407 23:05:47.145" endtime="20220407 23:05:47.145"/>
</kw>
<kw name="Open Browser" library="SeleniumLibrary">
<arg>${link}</arg>
<arg>chrome</arg>
<doc>Opens a new browser instance to the optional ``url``.</doc>
<msg timestamp="20220407 23:05:47.165" level="INFO">Opening browser 'chrome' to base url 'https://www.google.co.in/'.</msg>
<status status="PASS" starttime="20220407 23:05:47.165" endtime="20220407 23:06:03.871"/>
</kw>
<kw name="Maximize Browser Window" library="SeleniumLibrary">
<doc>Maximizes current browser window.</doc>
<status status="PASS" starttime="20220407 23:06:03.908" endtime="20220407 23:06:04.187"/>
</kw>
<kw name="data">
<kw name="Input Text" library="SeleniumLibrary">
<arg>name:q</arg>
<arg>${input}</arg>
<doc>Types the given ``text`` into the text field identified by ``locator``.</doc>
<msg timestamp="20220407 23:06:04.192" level="INFO">Typing text 'Amazon' into text field 'name:q'.</msg>
<status status="PASS" starttime="20220407 23:06:04.190" endtime="20220407 23:06:04.417"/>
</kw>
<status status="PASS" starttime="20220407 23:06:04.189" endtime="20220407 23:06:04.417"/>
</kw>
<kw name="Submit Form" library="SeleniumLibrary">
<doc>Submits a form identified by ``locator``.</doc>
<msg timestamp="20220407 23:06:04.422" level="INFO">Submitting form 'None'.</msg>
<status status="PASS" starttime="20220407 23:06:04.422" endtime="20220407 23:06:09.125"/>
</kw>
<kw name="Click Element" library="SeleniumLibrary">
<arg>Class:LC20lb</arg>
<doc>Click the element identified by ``locator``.</doc>
<msg timestamp="20220407 23:06:09.127" level="INFO">Clicking element 'Class:LC20lb'.</msg>
<status status="PASS" starttime="20220407 23:06:09.126" endtime="20220407 23:06:13.669"/>
</kw>
<kw name="Log" library="BuiltIn" type="TEARDOWN">
<arg>Inside Test Case Teardown</arg>
<doc>Logs the given message with the given level.</doc>
<msg timestamp="20220407 23:06:13.672" level="INFO">Inside Test Case Teardown</msg>
<status status="PASS" starttime="20220407 23:06:13.671" endtime="20220407 23:06:13.672"/>
</kw>
<doc>this is goggle screen</doc>
<tag>goggle</tag>
<status status="PASS" starttime="20220407 23:05:47.114" endtime="20220407 23:06:13.673"/>
</test>
<test id="s1-t2" name="Amazon Test" line="23">
<kw name="Log" library="BuiltIn" type="SETUP">
<arg>Inside Test Case Setup</arg>
<doc>Logs the given message with the given level.</doc>
<msg timestamp="20220407 23:06:13.679" level="INFO">Inside Test Case Setup</msg>
<status status="PASS" starttime="20220407 23:06:13.678" endtime="20220407 23:06:13.679"/>
</kw>
<kw name="Sleep" library="BuiltIn">
<arg>3s</arg>
<doc>Pauses the test executed for the given time.</doc>
<msg timestamp="20220407 23:06:16.694" level="INFO">Slept 3 seconds</msg>
<status status="PASS" starttime="20220407 23:06:13.680" endtime="20220407 23:06:16.694"/>
</kw>
<kw name="product">
<kw name="Input Text" library="SeleniumLibrary">
<arg>name:field-keywords</arg>
<arg>${producttosearch}</arg>
<doc>Types the given ``text`` into the text field identified by ``locator``.</doc>
<msg timestamp="20220407 23:06:16.705" level="INFO">Typing text 'poco x3 pro' into text field 'name:field-keywords'.</msg>
<status status="PASS" starttime="20220407 23:06:16.704" endtime="20220407 23:06:19.126"/>
</kw>
<status status="PASS" starttime="20220407 23:06:16.703" endtime="20220407 23:06:19.127"/>
</kw>
<kw name="Click Element" library="SeleniumLibrary">
<arg>Xpath:/html/body/div[1]/header/div/div[1]/div[2]/div/form/div[3]/div/span/input</arg>
<doc>Click the element identified by ``locator``.</doc>
<msg timestamp="20220407 23:06:19.129" level="INFO">Clicking element 'Xpath:/html/body/div[1]/header/div/div[1]/div[2]/div/form/div[3]/div/span/input'.</msg>
<status status="PASS" starttime="20220407 23:06:19.128" endtime="20220407 23:06:26.222"/>
</kw>
<kw name="Log" library="BuiltIn" type="TEARDOWN">
<arg>Inside Test Case Teardown</arg>
<doc>Logs the given message with the given level.</doc>
<msg timestamp="20220407 23:06:26.264" level="INFO">Inside Test Case Teardown</msg>
<status status="PASS" starttime="20220407 23:06:26.263" endtime="20220407 23:06:26.264"/>
</kw>
<doc>this is for amazon page</doc>
<tag>shopping</tag>
<status status="PASS" starttime="20220407 23:06:13.676" endtime="20220407 23:06:26.286"/>
</test>
<test id="s1-t3" name="Product Order Test" line="29">
<kw name="Log" library="BuiltIn" type="SETUP">
<arg>Inside Test Case Setup</arg>
<doc>Logs the given message with the given level.</doc>
<msg timestamp="20220407 23:06:26.341" level="INFO">Inside Test Case Setup</msg>
<status status="PASS" starttime="20220407 23:06:26.339" endtime="20220407 23:06:26.342"/>
</kw>
<kw name="Sleep" library="BuiltIn">
<arg>3s</arg>
<doc>Pauses the test executed for the given time.</doc>
<msg timestamp="20220407 23:06:29.430" level="INFO">Slept 3 seconds</msg>
<status status="PASS" starttime="20220407 23:06:26.424" endtime="20220407 23:06:29.431"/>
</kw>
<kw name="Click Element" library="SeleniumLibrary">
<arg>Xpath:/html/body/div[1]/div[2]/div[1]/div[1]/div/span[3]/div[2]/div[2]/div/div/div/div/div/div[2]/div/div/div[1]/h2/a/span</arg>
<doc>Click the element identified by ``locator``.</doc>
<msg timestamp="20220407 23:06:29.536" level="INFO">Clicking element 'Xpath:/html/body/div[1]/div[2]/div[1]/div[1]/div/span[3]/div[2]/div[2]/div/div/div/div/div/div[2]/div/div/div[1]/h2/a/span'.</msg>
<status status="PASS" starttime="20220407 23:06:29.535" endtime="20220407 23:06:32.854"/>
</kw>
<kw name="Sleep" library="BuiltIn">
<arg>3s</arg>
<doc>Pauses the test executed for the given time.</doc>
<msg timestamp="20220407 23:06:35.870" level="INFO">Slept 3 seconds</msg>
<status status="PASS" starttime="20220407 23:06:32.856" endtime="20220407 23:06:35.870"/>
</kw>
<kw name="Click Button" library="SeleniumLibrary">
<arg>class:a-button-input</arg>
<doc>Clicks the button identified by ``locator``.</doc>
<msg timestamp="20220407 23:06:35.961" level="INFO">Clicking button 'class:a-button-input'.</msg>
<status status="PASS" starttime="20220407 23:06:35.960" endtime="20220407 23:06:40.277"/>
</kw>
<kw name="Log" library="BuiltIn" type="TEARDOWN">
<arg>Inside Test Case Teardown</arg>
<doc>Logs the given message with the given level.</doc>
<msg timestamp="20220407 23:06:40.284" level="INFO">Inside Test Case Teardown</msg>
<status status="PASS" starttime="20220407 23:06:40.283" endtime="20220407 23:06:40.284"/>
</kw>
<doc>this for product order</doc>
<tag>shopping</tag>
<status status="PASS" starttime="20220407 23:06:26.290" endtime="20220407 23:06:40.304"/>
</test>
<test id="s1-t4" name="Placing Order Test" line="38">
<kw name="Log" library="BuiltIn" type="SETUP">
<arg>Inside Test Case Setup</arg>
<doc>Logs the given message with the given level.</doc>
<msg timestamp="20220407 23:06:40.311" level="INFO">Inside Test Case Setup</msg>
<status status="PASS" starttime="20220407 23:06:40.310" endtime="20220407 23:06:40.311"/>
</kw>
<kw name="Sleep" library="BuiltIn">
<arg>3s</arg>
<doc>Pauses the test executed for the given time.</doc>
<msg timestamp="20220407 23:06:43.318" level="INFO">Slept 3 seconds</msg>
<status status="PASS" starttime="20220407 23:06:40.312" endtime="20220407 23:06:43.318"/>
</kw>
<kw name="email">
<kw name="Input Text" library="SeleniumLibrary">
<arg>Xpath:/html/body/div[1]/div[1]/div[2]/div/div[2]/div/div[1]/form/div/div/div/div[1]/input[1]</arg>
<arg>${emailaddress}</arg>
<doc>Types the given ``text`` into the text field identified by ``locator``.</doc>
<msg timestamp="20220407 23:06:43.406" level="INFO">Typing text '3dhanushkccd@gmail.com' into text field 'Xpath:/html/body/div[1]/div[1]/div[2]/div/div[2]/div/div[1]/form/div/div/div/div[1]/input[1]'.</msg>
<msg timestamp="20220407 23:06:48.383" level="INFO" html="true">&lt;/td&gt;&lt;/tr&gt;&lt;tr&gt;&lt;td colspan="3"&gt;&lt;a href="selenium-screenshot-3.png"&gt;&lt;img src="selenium-screenshot-3.png" width="800px"&gt;&lt;/a&gt;</msg>
<msg timestamp="20220407 23:06:48.385" level="FAIL">Element with locator 'Xpath:/html/body/div[1]/div[1]/div[2]/div/div[2]/div/div[1]/form/div/div/div/div[1]/input[1]' not found.</msg>
<status status="FAIL" starttime="20220407 23:06:43.405" endtime="20220407 23:06:48.482"/>
</kw>
<status status="FAIL" starttime="20220407 23:06:43.403" endtime="20220407 23:06:48.485"/>
</kw>
<kw name="Click Element" library="SeleniumLibrary">
<arg>name:email</arg>
<doc>Click the element identified by ``locator``.</doc>
<status status="NOT RUN" starttime="20220407 23:06:48.512" endtime="20220407 23:06:48.512"/>
</kw>
<kw name="Log" library="BuiltIn" type="TEARDOWN">
<arg>Inside Test Case Teardown</arg>
<doc>Logs the given message with the given level.</doc>
<msg timestamp="20220407 23:06:48.532" level="INFO">Inside Test Case Teardown</msg>
<status status="PASS" starttime="20220407 23:06:48.531" endtime="20220407 23:06:48.532"/>
</kw>
<doc>this is for placing order</doc>
<tag>placing</tag>
<status status="FAIL" starttime="20220407 23:06:40.308" endtime="20220407 23:06:48.533">Element with locator 'Xpath:/html/body/div[1]/div[1]/div[2]/div/div[2]/div/div[1]/form/div/div/div/div[1]/input[1]' not found.</status>
</test>
<kw name="Log" library="BuiltIn" type="TEARDOWN">
<arg>Inside Test Suite Teardown</arg>
<doc>Logs the given message with the given level.</doc>
<msg timestamp="20220407 23:06:48.628" level="INFO">Inside Test Suite Teardown</msg>
<status status="PASS" starttime="20220407 23:06:48.627" endtime="20220407 23:06:48.628"/>
</kw>
<status status="FAIL" starttime="20220407 23:05:45.983" endtime="20220407 23:06:48.628"/>
</suite>
<statistics>
<total>
<stat pass="3" fail="1" skip="0">All Tests</stat>
</total>
<tag>
<stat pass="1" fail="0" skip="0">goggle</stat>
<stat pass="0" fail="1" skip="0">placing</stat>
<stat pass="2" fail="0" skip="0">shopping</stat>
</tag>
<suite>
<stat pass="3" fail="1" skip="0" id="s1" name="App">App</stat>
</suite>
</statistics>
<errors>
</errors>
</robot>
